[2023-02-26 14:14:44] main.CRITICAL: Cannot resize image "/Applications/MAMP/htdocs/nakshathra/pub/media/catalog/product/b/l/black_1_1.jpg.tmp" - original image not found {"exception":"[object] (Magento\\Framework\\Exception\\NotFoundException(code: 0): Cannot resize image \"/Applications/MAMP/htdocs/nakshathra/pub/media/catalog/product/b/l/black_1_1.jpg.tmp\" - original image not found at /Applications/MAMP/htdocs/nakshathra/app/code/Magento/MediaStorage/Service/ImageResize.php:167)"} []
[2023-02-26 14:21:27] main.CRITICAL: Cannot resize image "/Applications/MAMP/htdocs/nakshathra/pub/media/catalog/product/b/l/black_3_2.jpg.tmp" - original image not found {"exception":"[object] (Magento\\Framework\\Exception\\NotFoundException(code: 0): Cannot resize image \"/Applications/MAMP/htdocs/nakshathra/pub/media/catalog/product/b/l/black_3_2.jpg.tmp\" - original image not found at /Applications/MAMP/htdocs/nakshathra/app/code/Magento/MediaStorage/Service/ImageResize.php:167)"} []
[2023-02-27 06:54:48] main.CRITICAL: Please upgrade your database: Run "bin/magento setup:upgrade" from the Magento root directory.
The following modules are outdated:
Razorpay_Magento schema: current version - none, required version - 4.0.2
Razorpay_Magento data: current version - none, required version - 4.0.2 {"report_id":"cbd029b9e34d31189ac4a3121e36b02ca693e3e2cd865de0b1dd526f0eab0747","exception":"[object] (Magento\\Framework\\Exception\\LocalizedException(code: 0): Please upgrade your database: Run \"bin/magento setup:upgrade\" from the Magento root directory.
The following modules are outdated:
Razorpay_Magento schema: current version - none, required version - 4.0.2
Razorpay_Magento data: current version - none, required version - 4.0.2 at /Applications/MAMP/htdocs/nakshathra/lib/internal/Magento/Framework/Module/Plugin/DbStatusValidator.php:66)"} []
[2023-02-27 06:55:00] main.CRITICAL: Please upgrade your database: Run "bin/magento setup:upgrade" from the Magento root directory.
The following modules are outdated:
Razorpay_Magento schema: current version - none, required version - 4.0.2
Razorpay_Magento data: current version - none, required version - 4.0.2 {"report_id":"49cbf3c69797a5a6b6e7b719b4ecee36826cca91ef62cd2a178b77e6a00ce4c0","exception":"[object] (Magento\\Framework\\Exception\\LocalizedException(code: 0): Please upgrade your database: Run \"bin/magento setup:upgrade\" from the Magento root directory.
The following modules are outdated:
Razorpay_Magento schema: current version - none, required version - 4.0.2
Razorpay_Magento data: current version - none, required version - 4.0.2 at /Applications/MAMP/htdocs/nakshathra/lib/internal/Magento/Framework/Module/Plugin/DbStatusValidator.php:66)"} []
[2023-02-27 06:55:01] main.CRITICAL: Please upgrade your database: Run "bin/magento setup:upgrade" from the Magento root directory.
The following modules are outdated:
Razorpay_Magento schema: current version - none, required version - 4.0.2
Razorpay_Magento data: current version - none, required version - 4.0.2 {"report_id":"91b89583ace8c778c842a4e9d32d3cdbdaab6e5808a490637b0284ffc8edc285","exception":"[object] (Magento\\Framework\\Exception\\LocalizedException(code: 0): Please upgrade your database: Run \"bin/magento setup:upgrade\" from the Magento root directory.
The following modules are outdated:
Razorpay_Magento schema: current version - none, required version - 4.0.2
Razorpay_Magento data: current version - none, required version - 4.0.2 at /Applications/MAMP/htdocs/nakshathra/lib/internal/Magento/Framework/Module/Plugin/DbStatusValidator.php:66)"} []
[2023-02-27 06:55:19] main.CRITICAL: Please upgrade your database: Run "bin/magento setup:upgrade" from the Magento root directory.
The following modules are outdated:
Razorpay_Magento schema: current version - none, required version - 4.0.2
Razorpay_Magento data: current version - none, required version - 4.0.2 {"report_id":"d067a365911d8bbdf3538dc64fa841e50556afb23298772ae6e67b0916a3a60e","exception":"[object] (Magento\\Framework\\Exception\\LocalizedException(code: 0): Please upgrade your database: Run \"bin/magento setup:upgrade\" from the Magento root directory.
The following modules are outdated:
Razorpay_Magento schema: current version - none, required version - 4.0.2
Razorpay_Magento data: current version - none, required version - 4.0.2 at /Applications/MAMP/htdocs/nakshathra/lib/internal/Magento/Framework/Module/Plugin/DbStatusValidator.php:66)"} []
