[2023-02-27 06:56:10] main.INFO: Cronjob: Cancel Pending Order Cron started. [] []
[2023-02-27 06:56:11] main.INFO: Cronjob: Update Orders To Processing Cron started. [] []
[2023-02-27 07:00:25] main.INFO: Cronjob: Cancel Pending Order Cron started. [] []
[2023-02-27 07:00:26] main.INFO: Cronjob: Update Orders To Processing Cron started. [] []
[2023-02-27 07:05:22] main.INFO: Cronjob: Cancel Pending Order Cron started. [] []
[2023-02-27 07:05:24] main.INFO: Cronjob: Update Orders To Processing Cron started. [] []
[2023-02-27 07:10:29] main.INFO: Cronjob: Cancel Pending Order Cron started. [] []
[2023-02-27 07:10:31] main.INFO: Cronjob: Update Orders To Processing Cron started. [] []
[2023-02-27 07:11:35] main.INFO: OrderIdentityPlugin::aroundIsEnabled returnValue: [] []
[2023-02-27 07:11:35] main.INFO: OrderIdentityPlugin::aroundIsEnabled returnValue: [] []
[2023-02-27 07:11:36] main.INFO: Razorpay Order: create order started with quoteID:000000002 and amount:5000400 [] []
[2023-02-27 07:11:37] main.INFO: Razorpay Order: order created with rzp_order:order_LLNij2WeXw7h52 [] []
[2023-02-27 07:14:30] main.INFO: Reset Cart started. [] []
[2023-02-27 07:14:30] main.INFO: Reset Cart: with lastQuoteId:3 [] []
[2023-02-27 07:14:30] main.INFO: Reset Cart: redirect_url: checkout/#payment [] []
[2023-02-27 07:14:30] main.CRITICAL: Reset Cart: Payment Failed or Payment closed [] []
[2023-02-27 07:14:53] main.INFO: Razorpay Order: create order started with quoteID:000000002 and amount:5000400 [] []
[2023-02-27 07:14:54] main.INFO: Razorpay Order: order created with rzp_order:order_LLNmByFVrYNscU [] []
[2023-02-27 07:15:17] main.INFO: Validate: Validation started for the incoming webhook [] []
[2023-02-27 07:15:25] main.INFO: OrderIdentityPlugin::aroundIsEnabled returnValue:1 [] []
[2023-02-27 07:15:25] main.INFO: OrderIdentityPlugin::aroundIsEnabled returnValue:1 [] []
[2023-02-27 07:15:26] main.INFO: Cronjob: Cancel Pending Order Cron started. [] []
[2023-02-27 07:15:26] main.INFO: Cronjob: Update Orders To Processing Cron started. [] []
[2023-02-27 07:20:16] main.INFO: Cronjob: Cancel Pending Order Cron started. [] []
[2023-02-27 07:20:17] main.INFO: Cronjob: Update Orders To Processing Cron started. [] []
[2023-02-27 07:25:27] main.INFO: Cronjob: Cancel Pending Order Cron started. [] []
[2023-02-27 07:25:28] main.INFO: Cronjob: Update Orders To Processing Cron started. [] []
[2023-02-27 07:30:17] main.INFO: Cronjob: Cancel Pending Order Cron started. [] []
[2023-02-27 07:30:21] main.INFO: Cronjob: Update Orders To Processing Cron started. [] []
[2023-02-27 07:34:14] main.INFO: OrderIdentityPlugin::aroundIsEnabled returnValue: [] []
[2023-02-27 07:34:14] main.INFO: OrderIdentityPlugin::aroundIsEnabled returnValue: [] []
[2023-02-27 07:34:16] main.INFO: Razorpay Order: create order started with quoteID:000000003 and amount:59900 [] []
[2023-02-27 07:34:17] main.INFO: Razorpay Order: order created with rzp_order:order_LLO6fUhqMpvtaj [] []
[2023-02-27 07:34:59] main.INFO: Validate: Validation started for the incoming webhook [] []
[2023-02-27 07:35:06] main.INFO: OrderIdentityPlugin::aroundIsEnabled returnValue:1 [] []
[2023-02-27 07:35:06] main.INFO: OrderIdentityPlugin::aroundIsEnabled returnValue:1 [] []
[2023-02-27 07:35:33] main.INFO: Cronjob: Cancel Pending Order Cron started. [] []
[2023-02-27 07:35:34] main.INFO: Cronjob: Update Orders To Processing Cron started. [] []
[2023-02-27 07:40:21] main.INFO: Cronjob: Cancel Pending Order Cron started. [] []
[2023-02-27 07:40:22] main.INFO: Cronjob: Update Orders To Processing Cron started. [] []
[2023-02-27 07:45:30] main.INFO: Cronjob: Cancel Pending Order Cron started. [] []
[2023-02-27 07:45:31] main.INFO: Cronjob: Update Orders To Processing Cron started. [] []
[2023-02-27 07:50:25] main.INFO: Cronjob: Cancel Pending Order Cron started. [] []
[2023-02-27 07:50:26] main.INFO: Cronjob: Update Orders To Processing Cron started. [] []
[2023-02-27 07:55:18] main.INFO: Cronjob: Cancel Pending Order Cron started. [] []
[2023-02-27 07:55:20] main.INFO: Cronjob: Update Orders To Processing Cron started. [] []
[2023-02-27 08:00:26] main.INFO: Cronjob: Cancel Pending Order Cron started. [] []
[2023-02-27 08:00:29] main.INFO: Cronjob: Update Orders To Processing Cron started. [] []
[2023-02-27 08:05:22] main.INFO: Cronjob: Cancel Pending Order Cron started. [] []
[2023-02-27 08:05:24] main.INFO: Cronjob: Update Orders To Processing Cron started. [] []
[2023-02-27 09:10:28] main.INFO: Cronjob: Cancel Pending Order Cron started. [] []
[2023-02-27 09:10:29] main.INFO: Cronjob: Update Orders To Processing Cron started. [] []
[2023-02-27 09:15:21] main.INFO: Cronjob: Cancel Pending Order Cron started. [] []
[2023-02-27 09:15:22] main.INFO: Cronjob: Update Orders To Processing Cron started. [] []
[2023-02-27 09:20:14] main.INFO: Cronjob: Cancel Pending Order Cron started. [] []
[2023-02-27 09:20:15] main.INFO: Cronjob: Update Orders To Processing Cron started. [] []
[2023-02-27 09:25:25] main.INFO: Cronjob: Cancel Pending Order Cron started. [] []
[2023-02-27 09:25:28] main.INFO: Cronjob: Update Orders To Processing Cron started. [] []
[2023-02-27 09:30:14] main.INFO: Cronjob: Cancel Pending Order Cron started. [] []
[2023-02-27 09:30:15] main.INFO: Cronjob: Update Orders To Processing Cron started. [] []
[2023-02-27 09:35:25] main.INFO: Cronjob: Cancel Pending Order Cron started. [] []
[2023-02-27 09:35:26] main.INFO: Cronjob: Update Orders To Processing Cron started. [] []
[2023-02-27 09:40:22] main.INFO: Cronjob: Cancel Pending Order Cron started. [] []
[2023-02-27 09:40:23] main.INFO: Cronjob: Update Orders To Processing Cron started. [] []
[2023-02-27 09:45:27] main.INFO: Cronjob: Cancel Pending Order Cron started. [] []
[2023-02-27 09:45:28] main.INFO: Cronjob: Update Orders To Processing Cron started. [] []
[2023-02-27 09:50:14] main.INFO: Cronjob: Cancel Pending Order Cron started. [] []
[2023-02-27 09:50:15] main.INFO: Cronjob: Update Orders To Processing Cron started. [] []
[2023-02-27 09:55:23] main.INFO: Cronjob: Cancel Pending Order Cron started. [] []
[2023-02-27 09:55:24] main.INFO: Cronjob: Update Orders To Processing Cron started. [] []
[2023-02-27 10:05:16] main.INFO: Cronjob: Cancel Pending Order Cron started. [] []
[2023-02-27 10:05:17] main.INFO: Cronjob: Update Orders To Processing Cron started. [] []
[2023-02-27 10:10:14] main.INFO: Cronjob: Cancel Pending Order Cron started. [] []
[2023-02-27 10:10:15] main.INFO: Cronjob: Update Orders To Processing Cron started. [] []
[2023-02-27 10:15:17] main.INFO: Cronjob: Cancel Pending Order Cron started. [] []
[2023-02-27 10:15:18] main.INFO: Cronjob: Update Orders To Processing Cron started. [] []
[2023-02-27 10:20:19] main.INFO: Cronjob: Cancel Pending Order Cron started. [] []
[2023-02-27 10:20:19] main.INFO: Cronjob: Update Orders To Processing Cron started. [] []
[2023-02-27 10:25:15] main.INFO: Cronjob: Cancel Pending Order Cron started. [] []
[2023-02-27 10:25:16] main.INFO: Cronjob: Update Orders To Processing Cron started. [] []
[2023-02-27 10:30:15] main.INFO: Cronjob: Cancel Pending Order Cron started. [] []
[2023-02-27 10:30:16] main.INFO: Cronjob: Update Orders To Processing Cron started. [] []
[2023-02-27 10:35:15] main.INFO: Cronjob: Cancel Pending Order Cron started. [] []
[2023-02-27 10:35:16] main.INFO: Cronjob: Update Orders To Processing Cron started. [] []
[2023-02-27 10:40:22] main.INFO: Cronjob: Cancel Pending Order Cron started. [] []
[2023-02-27 10:40:26] main.INFO: Cronjob: Update Orders To Processing Cron started. [] []
[2023-02-27 10:42:50] main.INFO: OrderIdentityPlugin::aroundIsEnabled returnValue: [] []
[2023-02-27 10:42:50] main.INFO: OrderIdentityPlugin::aroundIsEnabled returnValue: [] []
[2023-02-27 10:42:51] main.INFO: Razorpay Order: create order started with quoteID:000000004 and amount:5000400 [] []
[2023-02-27 10:42:52] main.INFO: Razorpay Order: order created with rzp_order:order_LLRJsySA8F3Jbg [] []
[2023-02-27 10:43:10] main.INFO: Reset Cart started. [] []
[2023-02-27 10:43:10] main.INFO: Reset Cart: with lastQuoteId:5 [] []
[2023-02-27 10:43:11] main.INFO: Reset Cart: redirect_url: checkout/#payment [] []
[2023-02-27 10:43:11] main.CRITICAL: Reset Cart: Payment Failed or Payment closed [] []
[2023-02-27 10:43:48] main.INFO: OrderIdentityPlugin::aroundIsEnabled returnValue: [] []
[2023-02-27 10:43:48] main.INFO: OrderIdentityPlugin::aroundIsEnabled returnValue: [] []
[2023-02-27 10:43:49] main.INFO: Razorpay Order: create order started with quoteID:000000005 and amount:59900 [] []
[2023-02-27 10:43:49] main.INFO: Razorpay Order: order created with rzp_order:order_LLRKtklrnZxriL [] []
[2023-02-27 10:44:02] main.INFO: Validate: Validation started for the incoming webhook [] []
[2023-02-27 10:44:08] main.INFO: OrderIdentityPlugin::aroundIsEnabled returnValue:1 [] []
[2023-02-27 10:44:08] main.INFO: OrderIdentityPlugin::aroundIsEnabled returnValue:1 [] []
[2023-02-27 10:45:25] main.INFO: Cronjob: Cancel Pending Order Cron started. [] []
[2023-02-27 10:45:28] main.INFO: Cronjob: Update Orders To Processing Cron started. [] []
[2023-02-27 10:50:32] main.INFO: Cronjob: Cancel Pending Order Cron started. [] []
[2023-02-27 10:50:34] main.INFO: Cronjob: Update Orders To Processing Cron started. [] []
[2023-02-27 10:55:23] main.INFO: Cronjob: Cancel Pending Order Cron started. [] []
[2023-02-27 10:55:24] main.INFO: Cronjob: Update Orders To Processing Cron started. [] []
[2023-02-27 11:00:22] main.INFO: Cronjob: Cancel Pending Order Cron started. [] []
[2023-02-27 11:00:23] main.INFO: Cronjob: Update Orders To Processing Cron started. [] []
[2023-02-27 11:05:28] main.INFO: Cronjob: Cancel Pending Order Cron started. [] []
[2023-02-27 11:05:29] main.INFO: Cronjob: Update Orders To Processing Cron started. [] []
[2023-02-27 11:40:22] main.INFO: Cronjob: Cancel Pending Order Cron started. [] []
[2023-02-27 11:40:23] main.INFO: Cronjob: Update Orders To Processing Cron started. [] []
[2023-02-27 11:45:15] main.INFO: Cronjob: Cancel Pending Order Cron started. [] []
[2023-02-27 11:45:16] main.INFO: Cronjob: Update Orders To Processing Cron started. [] []
[2023-02-27 11:50:24] main.INFO: Cronjob: Cancel Pending Order Cron started. [] []
[2023-02-27 11:50:26] main.INFO: Cronjob: Update Orders To Processing Cron started. [] []
[2023-02-27 11:55:21] main.INFO: Cronjob: Cancel Pending Order Cron started. [] []
[2023-02-27 11:55:22] main.INFO: Cronjob: Update Orders To Processing Cron started. [] []
[2023-02-27 12:00:38] main.INFO: Cronjob: Cancel Pending Order Cron started. [] []
[2023-02-27 12:00:39] main.INFO: Cronjob: Update Orders To Processing Cron started. [] []
[2023-02-27 12:06:38] main.INFO: Cronjob: Cancel Pending Order Cron started. [] []
[2023-02-27 12:06:42] main.INFO: Cronjob: Update Orders To Processing Cron started. [] []
[2023-02-27 12:10:22] main.INFO: Cronjob: Cancel Pending Order Cron started. [] []
[2023-02-27 12:10:23] main.INFO: Cronjob: Update Orders To Processing Cron started. [] []
[2023-02-27 12:15:17] main.INFO: Cronjob: Cancel Pending Order Cron started. [] []
[2023-02-27 12:15:19] main.INFO: Cronjob: Update Orders To Processing Cron started. [] []
[2023-02-27 12:20:23] main.INFO: Cronjob: Cancel Pending Order Cron started. [] []
[2023-02-27 12:20:24] main.INFO: Cronjob: Update Orders To Processing Cron started. [] []
[2023-02-27 12:25:16] main.INFO: Cronjob: Cancel Pending Order Cron started. [] []
[2023-02-27 12:25:17] main.INFO: Cronjob: Update Orders To Processing Cron started. [] []
[2023-02-27 12:30:14] main.INFO: Cronjob: Cancel Pending Order Cron started. [] []
[2023-02-27 12:30:15] main.INFO: Cronjob: Update Orders To Processing Cron started. [] []
[2023-02-27 12:35:24] main.INFO: Cronjob: Cancel Pending Order Cron started. [] []
[2023-02-27 12:35:25] main.INFO: Cronjob: Update Orders To Processing Cron started. [] []
[2023-02-27 12:40:15] main.INFO: Cronjob: Cancel Pending Order Cron started. [] []
[2023-02-27 12:40:16] main.INFO: Cronjob: Update Orders To Processing Cron started. [] []
[2023-02-27 12:45:15] main.INFO: Cronjob: Cancel Pending Order Cron started. [] []
[2023-02-27 12:45:16] main.INFO: Cronjob: Update Orders To Processing Cron started. [] []
[2023-02-27 12:50:15] main.INFO: Cronjob: Cancel Pending Order Cron started. [] []
[2023-02-27 12:50:16] main.INFO: Cronjob: Update Orders To Processing Cron started. [] []
[2023-02-27 12:55:19] main.INFO: Cronjob: Cancel Pending Order Cron started. [] []
[2023-02-27 12:55:20] main.INFO: Cronjob: Update Orders To Processing Cron started. [] []
[2023-02-27 13:00:18] main.INFO: Cronjob: Cancel Pending Order Cron started. [] []
[2023-02-27 13:00:19] main.INFO: Cronjob: Update Orders To Processing Cron started. [] []
[2023-02-27 13:05:14] main.INFO: Cronjob: Cancel Pending Order Cron started. [] []
[2023-02-27 13:05:15] main.INFO: Cronjob: Update Orders To Processing Cron started. [] []
[2023-02-27 13:10:32] main.INFO: Cronjob: Cancel Pending Order Cron started. [] []
[2023-02-27 13:10:33] main.INFO: Cronjob: Update Orders To Processing Cron started. [] []
[2023-02-27 13:15:14] main.INFO: Cronjob: Cancel Pending Order Cron started. [] []
[2023-02-27 13:15:15] main.INFO: Cronjob: Update Orders To Processing Cron started. [] []
[2023-02-27 13:20:15] main.INFO: Cronjob: Cancel Pending Order Cron started. [] []
[2023-02-27 13:20:16] main.INFO: Cronjob: Update Orders To Processing Cron started. [] []
[2023-02-27 13:25:15] main.INFO: Cronjob: Cancel Pending Order Cron started. [] []
[2023-02-27 13:25:16] main.INFO: Cronjob: Update Orders To Processing Cron started. [] []
[2023-02-27 13:30:14] main.INFO: Cronjob: Cancel Pending Order Cron started. [] []
[2023-02-27 13:30:15] main.INFO: Cronjob: Update Orders To Processing Cron started. [] []
[2023-02-27 13:35:21] main.INFO: Cronjob: Cancel Pending Order Cron started. [] []
[2023-02-27 13:35:22] main.INFO: Cronjob: Update Orders To Processing Cron started. [] []
[2023-02-27 13:40:21] main.INFO: Cronjob: Cancel Pending Order Cron started. [] []
[2023-02-27 13:40:23] main.INFO: Cronjob: Update Orders To Processing Cron started. [] []
[2023-02-27 13:45:19] main.INFO: Cronjob: Cancel Pending Order Cron started. [] []
[2023-02-27 13:45:20] main.INFO: Cronjob: Update Orders To Processing Cron started. [] []
[2023-02-27 13:50:14] main.INFO: Cronjob: Cancel Pending Order Cron started. [] []
[2023-02-27 13:50:15] main.INFO: Cronjob: Update Orders To Processing Cron started. [] []
[2023-02-27 13:55:30] main.INFO: Cronjob: Cancel Pending Order Cron started. [] []
[2023-02-27 13:55:32] main.INFO: Cronjob: Update Orders To Processing Cron started. [] []
[2023-02-27 14:00:15] main.INFO: Cronjob: Cancel Pending Order Cron started. [] []
[2023-02-27 14:00:15] main.INFO: Cronjob: Update Orders To Processing Cron started. [] []
[2023-02-27 14:05:15] main.INFO: Cronjob: Cancel Pending Order Cron started. [] []
[2023-02-27 14:05:16] main.INFO: Cronjob: Update Orders To Processing Cron started. [] []
[2023-02-27 15:45:21] main.INFO: Cronjob: Cancel Pending Order Cron started. [] []
[2023-02-27 15:45:22] main.INFO: Cronjob: Update Orders To Processing Cron started. [] []
[2023-02-27 15:50:25] main.INFO: Cronjob: Cancel Pending Order Cron started. [] []
[2023-02-27 15:50:26] main.INFO: Cronjob: Update Orders To Processing Cron started. [] []
[2023-02-27 15:55:16] main.INFO: Cronjob: Cancel Pending Order Cron started. [] []
[2023-02-27 15:55:18] main.INFO: Cronjob: Update Orders To Processing Cron started. [] []
[2023-02-27 16:00:24] main.INFO: Cronjob: Cancel Pending Order Cron started. [] []
[2023-02-27 16:00:25] main.INFO: Cronjob: Update Orders To Processing Cron started. [] []
[2023-02-27 16:05:15] main.INFO: Cronjob: Cancel Pending Order Cron started. [] []
[2023-02-27 16:05:16] main.INFO: Cronjob: Update Orders To Processing Cron started. [] []
[2023-02-27 16:10:27] main.INFO: Cronjob: Cancel Pending Order Cron started. [] []
[2023-02-27 16:10:28] main.INFO: Cronjob: Update Orders To Processing Cron started. [] []
[2023-02-27 16:15:19] main.INFO: Cronjob: Cancel Pending Order Cron started. [] []
[2023-02-27 16:15:20] main.INFO: Cronjob: Update Orders To Processing Cron started. [] []
[2023-02-27 16:20:15] main.INFO: Cronjob: Cancel Pending Order Cron started. [] []
[2023-02-27 16:20:16] main.INFO: Cronjob: Update Orders To Processing Cron started. [] []
[2023-02-27 16:25:15] main.INFO: Cronjob: Cancel Pending Order Cron started. [] []
[2023-02-27 16:25:16] main.INFO: Cronjob: Update Orders To Processing Cron started. [] []
[2023-02-27 16:30:26] main.INFO: Cronjob: Cancel Pending Order Cron started. [] []
[2023-02-27 16:30:27] main.INFO: Cronjob: Update Orders To Processing Cron started. [] []
[2023-02-27 16:35:32] main.INFO: Cronjob: Cancel Pending Order Cron started. [] []
[2023-02-27 16:35:33] main.INFO: Cronjob: Update Orders To Processing Cron started. [] []
[2023-02-27 16:40:02] main.INFO: OrderIdentityPlugin::aroundIsEnabled returnValue: [] []
[2023-02-27 16:40:02] main.INFO: OrderIdentityPlugin::aroundIsEnabled returnValue: [] []
[2023-02-27 16:40:04] main.INFO: Razorpay Order: create order started with quoteID:000000006 and amount:5000400 [] []
[2023-02-27 16:40:06] main.CRITICAL: Razorpay Order: Error message:Currency is not supported [] []
[2023-02-27 16:40:26] main.INFO: Razorpay Order: create order started with quoteID:000000006 and amount:5000400 [] []
[2023-02-27 16:40:26] main.CRITICAL: Razorpay Order: Error message:Currency is not supported [] []
[2023-02-27 16:40:26] main.INFO: Cronjob: Cancel Pending Order Cron started. [] []
[2023-02-27 16:40:27] main.INFO: Cronjob: Update Orders To Processing Cron started. [] []
[2023-02-27 16:40:30] main.INFO: Razorpay Order: create order started with quoteID:000000006 and amount:5000400 [] []
[2023-02-27 16:40:30] main.CRITICAL: Razorpay Order: Error message:Currency is not supported [] []
[2023-02-27 16:40:39] main.INFO: Razorpay Order: create order started with quoteID:000000006 and amount:5000400 [] []
[2023-02-27 16:40:39] main.CRITICAL: Razorpay Order: Error message:Currency is not supported [] []
[2023-02-27 16:45:25] main.INFO: Cronjob: Cancel Pending Order Cron started. [] []
[2023-02-27 16:45:27] main.INFO: Cronjob: Update Orders To Processing Cron started. [] []
[2023-02-27 16:50:18] main.INFO: Cronjob: Cancel Pending Order Cron started. [] []
[2023-02-27 16:50:19] main.INFO: Cronjob: Update Orders To Processing Cron started. [] []
[2023-02-27 16:55:25] main.INFO: Cronjob: Cancel Pending Order Cron started. [] []
[2023-02-27 16:55:26] main.INFO: Cronjob: Update Orders To Processing Cron started. [] []
[2023-02-27 17:00:17] main.INFO: Cronjob: Cancel Pending Order Cron started. [] []
[2023-02-27 17:00:18] main.INFO: Cronjob: Update Orders To Processing Cron started. [] []
[2023-02-27 17:05:28] main.INFO: Cronjob: Cancel Pending Order Cron started. [] []
[2023-02-27 17:05:30] main.INFO: Cronjob: Update Orders To Processing Cron started. [] []
[2023-02-27 17:10:20] main.INFO: Cronjob: Cancel Pending Order Cron started. [] []
[2023-02-27 17:10:22] main.INFO: Cronjob: Cancelling Order ID: 6 [] []
[2023-02-27 17:10:27] main.INFO: Cronjob: Update Orders To Processing Cron started. [] []
[2023-02-27 17:15:28] main.INFO: Cronjob: Cancel Pending Order Cron started. [] []
[2023-02-27 17:15:29] main.INFO: Cronjob: Update Orders To Processing Cron started. [] []
[2023-02-27 17:20:33] main.INFO: Cronjob: Cancel Pending Order Cron started. [] []
[2023-02-27 17:20:34] main.INFO: Cronjob: Update Orders To Processing Cron started. [] []
[2023-02-27 17:25:26] main.INFO: Cronjob: Cancel Pending Order Cron started. [] []
[2023-02-27 17:25:27] main.INFO: Cronjob: Update Orders To Processing Cron started. [] []
[2023-02-27 17:30:20] main.INFO: Cronjob: Cancel Pending Order Cron started. [] []
[2023-02-27 17:30:21] main.INFO: Cronjob: Update Orders To Processing Cron started. [] []
[2023-02-27 17:35:18] main.INFO: Cronjob: Cancel Pending Order Cron started. [] []
[2023-02-27 17:35:19] main.INFO: Cronjob: Update Orders To Processing Cron started. [] []
[2023-02-27 17:40:15] main.INFO: Cronjob: Cancel Pending Order Cron started. [] []
[2023-02-27 17:40:16] main.INFO: Cronjob: Update Orders To Processing Cron started. [] []
[2023-02-27 17:45:25] main.INFO: Cronjob: Cancel Pending Order Cron started. [] []
[2023-02-27 17:45:26] main.INFO: Cronjob: Update Orders To Processing Cron started. [] []
[2023-02-27 17:50:16] main.INFO: Cronjob: Cancel Pending Order Cron started. [] []
[2023-02-27 17:50:18] main.INFO: Cronjob: Update Orders To Processing Cron started. [] []
[2023-02-27 17:55:14] main.INFO: Cronjob: Cancel Pending Order Cron started. [] []
[2023-02-27 17:55:15] main.INFO: Cronjob: Update Orders To Processing Cron started. [] []
